мар. 10, 2026 8:18:51 PM posed.PositionsEditor main
INFO: Java version: 21.0.5
мар. 10, 2026 8:18:52 PM posed.Map loadData
INFO: Map file is I:\Vic2_Dev\V2BDSM\mod\2\map\default.map
мар. 10, 2026 8:18:52 PM posed.PositionsEditorUI load
INFO: Loading positions from I:\Vic2_Dev\V2BDSM\mod\2\map\positions.txt
мар. 10, 2026 8:18:52 PM posed.MapPanel createMapImage
INFO: Reading map from I:\Vic2_Dev\V2BDSM\mod\2\map/provinces.bmp
мар. 10, 2026 8:18:52 PM posed.PositionsEditorUI validateObject
WARNING: Did not expect list: railroad_visibility
мар. 10, 2026 8:18:52 PM posed.PositionsEditorUI validateObject
WARNING: Did not expect list: railroad_visibility
мар. 10, 2026 8:18:52 PM posed.PositionsEditorUI validateObject
WARNING: Unknown object name in 255 (land): town
мар. 10, 2026 8:18:52 PM posed.PositionsEditorUI validateObject
WARNING: Unknown object name in 257 (land): town
мар. 10, 2026 8:18:52 PM posed.PositionsEditorUI validateObject
WARNING: Unknown object name in 258 (land): town
мар. 10, 2026 8:18:52 PM posed.PositionsEditorUI validateObject
WARNING: Unknown object name in 259 (land): town
мар. 10, 2026 8:18:52 PM posed.PositionsEditorUI validateObject
WARNING: Unknown object name in 260 (land): town
мар. 10, 2026 8:18:52 PM posed.PositionsEditorUI validateObject
WARNING: Unknown object name in 261 (land): town
мар. 10, 2026 8:18:52 PM posed.PositionsEditorUI validateObject
WARNING: Unknown object name in 262 (land): town
мар. 10, 2026 8:18:52 PM posed.PositionsEditorUI validateObject
WARNING: Unknown object name in 263 (land): town
мар. 10, 2026 8:18:52 PM posed.PositionsEditorUI validateObject
WARNING: Unknown object name in 265 (land): town
мар. 10, 2026 8:18:52 PM posed.PositionsEditorUI validateObject
WARNING: Unknown object name in 273 (land): town
мар. 10, 2026 8:18:52 PM posed.PositionsEditorUI validateObject
WARNING: Unknown object name in 274 (land): town
мар. 10, 2026 8:18:52 PM posed.PositionsEditorUI validateObject
WARNING: Unknown object name in 275 (land): town
мар. 10, 2026 8:18:52 PM posed.PositionsEditorUI validateObject
WARNING: Unknown object name in 280 (land): town
мар. 10, 2026 8:18:52 PM posed.PositionsEditorUI validateObject
WARNING: Unknown object name in 281 (land): town
мар. 10, 2026 8:18:52 PM posed.PositionsEditorUI validateObject
WARNING: Unknown object name in 282 (land): town
мар. 10, 2026 8:18:52 PM posed.PositionsEditorUI validateObject
WARNING: Unknown object name in 284 (land): town
мар. 10, 2026 8:18:52 PM posed.PositionsEditorUI validateObject
WARNING: Unknown object name in 286 (land): town
мар. 10, 2026 8:18:52 PM posed.PositionsEditorUI validateObject
WARNING: Unknown object name in 290 (land): town
мар. 10, 2026 8:18:52 PM posed.PositionsEditorUI validateObject
WARNING: Unknown object name in 296 (land): town
мар. 10, 2026 8:18:52 PM posed.PositionsEditorUI validateObject
WARNING: Unknown object name in 297 (land): town
мар. 10, 2026 8:18:52 PM posed.PositionsEditorUI validateObject
WARNING: Unknown object name in 298 (land): town
мар. 10, 2026 8:18:52 PM posed.PositionsEditorUI validateObject
WARNING: Unknown object name in 299 (land): town
мар. 10, 2026 8:18:52 PM posed.PositionsEditorUI validateObject
WARNING: Unknown object name in 301 (land): town
мар. 10, 2026 8:18:52 PM posed.PositionsEditorUI validateObject
WARNING: Unknown object name in 302 (land): town
мар. 10, 2026 8:18:52 PM posed.PositionsEditorUI validateObject
WARNING: Unknown object name in 303 (land): town
мар. 10, 2026 8:18:52 PM posed.PositionsEditorUI validateObject
WARNING: Unknown object name in 387 (land): town
мар. 10, 2026 8:18:52 PM posed.PositionsEditorUI validateObject
WARNING: Unknown object name in 390 (land): town
мар. 10, 2026 8:18:52 PM posed.PositionsEditorUI validateObject
WARNING: Unknown object name in 416 (land): town
мар. 10, 2026 8:18:52 PM posed.PositionsEditorUI validateObject
WARNING: Unknown object name in 417 (land): town
мар. 10, 2026 8:18:52 PM posed.PositionsEditorUI validateObject
WARNING: Unknown object name in 418 (land): town
мар. 10, 2026 8:18:52 PM posed.PositionsEditorUI validateObject
WARNING: Unknown object name in 420 (land): town
мар. 10, 2026 8:18:52 PM posed.PositionsEditorUI validateObject
WARNING: Unknown object name in 421 (land): town
мар. 10, 2026 8:18:52 PM posed.PositionsEditorUI validateObject
WARNING: Unknown object name in 422 (land): town
мар. 10, 2026 8:18:52 PM posed.PositionsEditorUI validateObject
WARNING: Unknown object name in 424 (land): town
мар. 10, 2026 8:18:52 PM posed.PositionsEditorUI validateObject
WARNING: Unknown object name in 435 (land): town
мар. 10, 2026 8:18:52 PM posed.PositionsEditorUI validateObject
WARNING: Did not expect list: railroad_visibility
мар. 10, 2026 8:18:52 PM posed.PositionsEditorUI validateObject
WARNING: Did not expect list: railroad_visibility
мар. 10, 2026 8:18:57 PM posed.ProvincePanel setImage
INFO: Province image scale: 20
мар. 10, 2026 8:19:18 PM posed.PositionsEditorUI provinceListMouseClicked
INFO: Province 1 138:
мар. 10, 2026 8:19:18 PM posed.PositionsEditorUI provinceListMouseClicked
INFO: Old entry:
1138 = { 
    text_position = { x = 3631.150000 y = 1206.350000 } 
    text_rotation = 5.604523
    text_scale = 1.5
    unit = { x = 3629.600000 y = 1209.250000 } 
    factory = { x = 3635.550000 y = 1206.100000 } 
    building_construction = { x = 3633.000000 y = 1206.700000 } 
    military_construction = { x = 3635.200000 y = 1207.450000 } 
    building_position = { fort = { x = 3637.100000 y = 1204.900000 } naval_base = { x = 3635.400000 y = 1203.550000 } } 
    building_rotation = { naval_base = 4.799657 } 
} # Sirjan

мар. 10, 2026 8:19:18 PM posed.PositionsEditorUI provinceListMouseClicked
INFO: New entry:
################################################################################
# Kangan
################################################################################
1138 = { 
    text_position = { x = 3615.800000 y = 1220.550000 } 
    text_rotation = 5.636672
    text_scale = 2
    unit = { x = 3617.000000 y = 1221.700000 } 
    factory = { x = 3623.650000 y = 1219.150000 } 
    building_construction = { x = 3607.500000 y = 1225.400000 } 
    military_construction = { x = 3612.300000 y = 1227.650000 } 
    building_position = { fort = { x = 3609.600000 y = 1222.250000 } naval_base = { x = 3618.300000 y = 1215.300000 } } 
    building_rotation = { naval_base = 4.316055 } 
}

мар. 10, 2026 8:19:20 PM posed.ProvincePanel setImage
INFO: Province image scale: 16,667
мар. 10, 2026 8:19:37 PM posed.PositionsEditorUI provinceListMouseClicked
INFO: Province 1 141:
мар. 10, 2026 8:19:37 PM posed.PositionsEditorUI provinceListMouseClicked
INFO: Old entry:
1141 = { 
    text_position = { x = 3655.850000 y = 1196.900000 } 
    text_scale = 2
    unit = { x = 3660.200000 y = 1198.400000 } 
    factory = { x = 3661.000000 y = 1221.000000 } 
    building_construction = { x = 3663.150000 y = 1199.900000 } 
    building_position = { fort = { x = 3653.800000 y = 1200.400000 } naval_base = { x = 3650.000000 y = 1196.199951 } } 
    building_rotation = { naval_base = 4.712390 } 
} # Bandar Abbas

мар. 10, 2026 8:19:37 PM posed.PositionsEditorUI provinceListMouseClicked
INFO: New entry:
################################################################################
# Lengeh
################################################################################
1141 = { 
    text_position = { x = 3653.260000 y = 1199.880000 } 
    text_scale = 3
    unit = { x = 3652.960000 y = 1202.220000 } 
    factory = { x = 3661.000000 y = 1221.000000 } 
    building_construction = { x = 3663.150000 y = 1199.900000 } 
    building_position = { fort = { x = 3634.360000 y = 1208.160000 } naval_base = { x = 3649.900000 y = 1196.220000 } } 
    building_rotation = { naval_base = 4.712390 } 
}

мар. 10, 2026 8:19:39 PM posed.ProvincePanel setImage
INFO: Province image scale: 11,538
мар. 10, 2026 8:19:42 PM posed.ProvincePanel setImage
INFO: Province image scale: 14,634
мар. 10, 2026 8:19:45 PM posed.ProvincePanel setImage
INFO: Province image scale: 14,286
мар. 10, 2026 8:19:59 PM posed.PositionsEditorUI provinceListMouseClicked
INFO: Province 1 136:
мар. 10, 2026 8:19:59 PM posed.PositionsEditorUI provinceListMouseClicked
INFO: Old entry:
1136 = { 
    text_position = { x = 3600.450000 y = 1235.800000 } 
    text_rotation = 5.148721
    text_scale = 2.2
    unit = { x = 3599.000000 y = 1243.000000 } 
    factory = { x = 3606.250000 y = 1231.400000 } 
    building_construction = { x = 3606.100000 y = 1225.800000 } 
    building_position = { fort = { x = 3605.199951 y = 1228.000000 } naval_base = { x = 3599.600098 y = 1233.199951 } } 
    building_rotation = { naval_base = 5.323253 } 
} # Yasuj

мар. 10, 2026 8:19:59 PM posed.PositionsEditorUI provinceListMouseClicked
INFO: New entry:
################################################################################
# Bushire
################################################################################
1136 = { 
    text_position = { x = 3600.380000 y = 1242.390000 } 
    text_rotation = 5.148721
    text_scale = 2.8
    unit = { x = 3603.110000 y = 1243.090000 } 
    factory = { x = 3606.250000 y = 1231.400000 } 
    building_construction = { x = 3595.830000 y = 1251.910000 } 
    building_position = { fort = { x = 3605.199951 y = 1228.000000 } naval_base = { x = 3599.600098 y = 1233.199951 } } 
    building_rotation = { naval_base = 5.323253 } 
}

мар. 10, 2026 8:20:04 PM posed.ProvincePanel setImage
INFO: Province image scale: 9,375
мар. 10, 2026 8:20:07 PM posed.ProvincePanel setImage
INFO: Province image scale: 9,375
мар. 10, 2026 8:20:11 PM posed.PositionsEditorUI provinceListMouseClicked
INFO: Province 1 135:
мар. 10, 2026 8:20:11 PM posed.PositionsEditorUI provinceListMouseClicked
INFO: Old entry:
1135 = { 
    text_position = { x = 3624.290000 y = 1238.740000 } 
    text_scale = 4.5
    unit = { x = 3626.930000 y = 1244.350000 } 
    city = { x = 3626.820000 y = 1242.700000 } 
    factory = { x = 3621.653333 y = 1248.773333 } 
    building_construction = { x = 3609.899902 y = 1249.800049 } 
    military_construction = { x = 3633.226667 y = 1239.813333 } 
    building_position = { fort = { x = 3615.680000 y = 1231.413333 } } 
} # Bushire

мар. 10, 2026 8:20:11 PM posed.PositionsEditorUI provinceListMouseClicked
INFO: New entry:
################################################################################
# Shiraz
################################################################################
1135 = { 
    text_position = { x = 3627.453333 y = 1240.813333 } 
    text_scale = 4.5
    unit = { x = 3626.930000 y = 1244.350000 } 
    city = { x = 3626.820000 y = 1242.700000 } 
    factory = { x = 3621.653333 y = 1248.773333 } 
    building_construction = { x = 3609.899902 y = 1249.800049 } 
    military_construction = { x = 3633.226667 y = 1239.813333 } 
    building_position = { fort = { x = 3615.680000 y = 1231.413333 } } 
}

мар. 10, 2026 8:20:12 PM posed.ProvincePanel setImage
INFO: Province image scale: 12,766
мар. 10, 2026 8:20:17 PM posed.ProvincePanel setImage
INFO: Province image scale: 16,667
мар. 10, 2026 8:20:18 PM posed.ProvincePanel setImage
INFO: Province image scale: 13,043
мар. 10, 2026 8:20:21 PM posed.ProvincePanel setImage
INFO: Province image scale: 14,634
мар. 10, 2026 8:20:38 PM posed.PositionsEditorUI provinceListMouseClicked
INFO: Province 1 142:
мар. 10, 2026 8:20:38 PM posed.PositionsEditorUI provinceListMouseClicked
INFO: Old entry:
1142 = { 
    text_position = { x = 3688.400000 y = 1206.100000 } 
    text_scale = 1.8
    unit = { x = 3686.750000 y = 1207.650000 } 
    factory = { x = 3676.000000 y = 1228.000000 } 
    building_construction = { x = 3697.850000 y = 1203.550000 } 
    military_construction = { x = 3671.650000 y = 1199.900000 } 
    building_position = { fort = { x = 3692.900000 y = 1210.400000 } naval_base = { x = 3689.186111 y = 1204.702778 } } 
    building_rotation = { naval_base = 4.712389 } 
} # Bam

мар. 10, 2026 8:20:38 PM posed.PositionsEditorUI provinceListMouseClicked
INFO: New entry:
################################################################################
# Bandar Abbas
################################################################################
1142 = { 
    text_position = { x = 3683.978333 y = 1212.046667 } 
    text_scale = 1.8
    unit = { x = 3684.388333 y = 1214.643333 } 
    factory = { x = 3684.320000 y = 1219.221667 } 
    building_construction = { x = 3696.415000 y = 1205.555000 } 
    military_construction = { x = 3676.188333 y = 1214.165000 } 
    building_position = { fort = { x = 3685.003333 y = 1209.860000 } naval_base = { x = 3689.186111 y = 1204.702778 } } 
    building_rotation = { naval_base = 4.712389 } 
}

